# JRE version: OpenJDK Runtime Environment (11.0.7+10) (build 11.0.7+10-post-Ubuntu-2ubuntu218.04)
# Java VM: OpenJDK 64-Bit Server VM (11.0.7+10-post-Ubuntu-2ubuntu218.04, mixed mode, sharing, tiered, compressed oops, serial gc, linux-amd64)
Heap:
 def new generation   total 2432K, used 458K [0x00000000f8000000, 0x00000000f82a0000, 0x00000000faaa0000)
  eden space 2176K,  20% used [0x00000000f8000000, 0x00000000f8072248, 0x00000000f8220000)
  from space 256K,   0% used [0x00000000f8220000, 0x00000000f82206a8, 0x00000000f8260000)
  to   space 256K,   0% used [0x00000000f8260000, 0x00000000f8260000, 0x00000000f82a0000)
 tenured generation   total 5504K, used 2084K [0x00000000faaa0000, 0x00000000fb000000, 0x0000000100000000)
   the space 5504K,  37% used [0x00000000faaa0000, 0x00000000faca90c0, 0x00000000faca9200, 0x00000000fb000000)
 Metaspace       used 7787K, capacity 8177K, committed 8448K, reserved 1056768K
  class space    used 810K, capacity 991K, committed 1024K, reserved 1048576K
GC Heap History (20 events):
Event: 761.870 GC heap before
{Heap before GC invocations=410 (full 0):
 def new generation   total 2432K, used 2177K [0x00000000f8000000, 0x00000000f82a0000, 0x00000000faaa0000)
  eden space 2176K, 100% used [0x00000000f8000000, 0x00000000f8220000, 0x00000000f8220000)
  from space 256K,   0% used [0x00000000f8220000, 0x00000000f82206a8, 0x00000000f8260000)
  to   space 256K,   0% used [0x00000000f8260000, 0x00000000f8260000, 0x00000000f82a0000)
 tenured generation   total 5504K, used 2084K [0x00000000faaa0000, 0x00000000fb000000, 0x0000000100000000)
   the space 5504K,  37% used [0x00000000faaa0000, 0x00000000faca90c0, 0x00000000faca9200, 0x00000000fb000000)
 Metaspace       used 7784K, capacity 8177K, committed 8448K, reserved 1056768K
  class space    used 810K, capacity 991K, committed 1024K, reserved 1048576K
}
Event: 761.871 GC heap after
{Heap after GC invocations=411 (full 0):
 def new generation   total 2432K, used 1K [0x00000000f8000000, 0x00000000f82a0000, 0x00000000faaa0000)
  eden space 2176K,   0% used [0x00000000f8000000, 0x00000000f8000000, 0x00000000f8220000)
  from space 256K,   0% used [0x00000000f8260000, 0x00000000f8260668, 0x00000000f82a0000)
  to   space 256K,   0% used [0x00000000f8220000, 0x00000000f8220000, 0x00000000f8260000)
 tenured generation   total 5504K, used 2084K [0x00000000faaa0000, 0x00000000fb000000, 0x0000000100000000)
   the space 5504K,  37% used [0x00000000faaa0000, 0x00000000faca90c0, 0x00000000faca9200, 0x00000000fb000000)
 Metaspace       used 7784K, capacity 8177K, committed 8448K, reserved 1056768K
  class space    used 810K, capacity 991K, committed 1024K, reserved 1048576K
}
Event: 763.683 GC heap before
{Heap before GC invocations=411 (full 0):
 def new generation   total 2432K, used 2177K [0x00000000f8000000, 0x00000000f82a0000, 0x00000000faaa0000)
  eden space 2176K, 100% used [0x00000000f8000000, 0x00000000f8220000, 0x00000000f8220000)
  from space 256K,   0% used [0x00000000f8260000, 0x00000000f8260668, 0x00000000f82a0000)
  to   space 256K,   0% used [0x00000000f8220000, 0x00000000f8220000, 0x00000000f8260000)
 tenured generation   total 5504K, used 2084K [0x00000000faaa0000, 0x00000000fb000000, 0x0000000100000000)
   the space 5504K,  37% used [0x00000000faaa0000, 0x00000000faca90c0, 0x00000000faca9200, 0x00000000fb000000)
 Metaspace       used 7784K, capacity 8177K, committed 8448K, reserved 1056768K
  class space    used 810K, capacity 991K, committed 1024K, reserved 1048576K
}
Event: 763.684 GC heap after
{Heap after GC invocations=412 (full 0):
 def new generation   total 2432K, used 1K [0x00000000f8000000, 0x00000000f82a0000, 0x00000000faaa0000)
  eden space 2176K,   0% used [0x00000000f8000000, 0x00000000f8000000, 0x00000000f8220000)
  from space 256K,   0% used [0x00000000f8220000, 0x00000000f82206c0, 0x00000000f8260000)
  to   space 256K,   0% used [0x00000000f8260000, 0x00000000f8260000, 0x00000000f82a0000)
 tenured generation   total 5504K, used 2084K [0x00000000faaa0000, 0x00000000fb000000, 0x0000000100000000)
   the space 5504K,  37% used [0x00000000faaa0000, 0x00000000faca90c0, 0x00000000faca9200, 0x00000000fb000000)
 Metaspace       used 7784K, capacity 8177K, committed 8448K, reserved 1056768K
  class space    used 810K, capacity 991K, committed 1024K, reserved 1048576K
}
Event: 765.485 GC heap before
{Heap before GC invocations=412 (full 0):
 def new generation   total 2432K, used 2177K [0x00000000f8000000, 0x00000000f82a0000, 0x00000000faaa0000)
  eden space 2176K, 100% used [0x00000000f8000000, 0x00000000f8220000, 0x00000000f8220000)
  from space 256K,   0% used [0x00000000f8220000, 0x00000000f82206c0, 0x00000000f8260000)
  to   space 256K,   0% used [0x00000000f8260000, 0x00000000f8260000, 0x00000000f82a0000)
 tenured generation   total 5504K, used 2084K [0x00000000faaa0000, 0x00000000fb000000, 0x0000000100000000)
   the space 5504K,  37% used [0x00000000faaa0000, 0x00000000faca90c0, 0x00000000faca9200, 0x00000000fb000000)
 Metaspace       used 7784K, capacity 8177K, committed 8448K, reserved 1056768K
  class space    used 810K, capacity 991K, committed 1024K, reserved 1048576K
}
Event: 765.486 GC heap after
{Heap after GC invocations=413 (full 0):
 def new generation   total 2432K, used 1K [0x00000000f8000000, 0x00000000f82a0000, 0x00000000faaa0000)
  eden space 2176K,   0% used [0x00000000f8000000, 0x00000000f8000000, 0x00000000f8220000)
  from space 256K,   0% used [0x00000000f8260000, 0x00000000f8260778, 0x00000000f82a0000)
  to   space 256K,   0% used [0x00000000f8220000, 0x00000000f8220000, 0x00000000f8260000)
 tenured generation   total 5504K, used 2084K [0x00000000faaa0000, 0x00000000fb000000, 0x0000000100000000)
   the space 5504K,  37% used [0x00000000faaa0000, 0x00000000faca90c0, 0x00000000faca9200, 0x00000000fb000000)
 Metaspace       used 7784K, capacity 8177K, committed 8448K, reserved 1056768K
  class space    used 810K, capacity 991K, committed 1024K, reserved 1048576K
}
Event: 767.442 GC heap before
{Heap before GC invocations=413 (full 0):
 def new generation   total 2432K, used 2177K [0x00000000f8000000, 0x00000000f82a0000, 0x00000000faaa0000)
  eden space 2176K, 100% used [0x00000000f8000000, 0x00000000f8220000, 0x00000000f8220000)
  from space 256K,   0% used [0x00000000f8260000, 0x00000000f8260778, 0x00000000f82a0000)
  to   space 256K,   0% used [0x00000000f8220000, 0x00000000f8220000, 0x00000000f8260000)
 tenured generation   total 5504K, used 2084K [0x00000000faaa0000, 0x00000000fb000000, 0x0000000100000000)
   the space 5504K,  37% used [0x00000000faaa0000, 0x00000000faca90c0, 0x00000000faca9200, 0x00000000fb000000)
 Metaspace       used 7784K, capacity 8177K, committed 8448K, reserved 1056768K
  class space    used 810K, capacity 991K, committed 1024K, reserved 1048576K
}
Event: 767.442 GC heap after
{Heap after GC invocations=414 (full 0):
 def new generation   total 2432K, used 1K [0x00000000f8000000, 0x00000000f82a0000, 0x00000000faaa0000)
  eden space 2176K,   0% used [0x00000000f8000000, 0x00000000f8000000, 0x00000000f8220000)
  from space 256K,   0% used [0x00000000f8220000, 0x00000000f82206e8, 0x00000000f8260000)
  to   space 256K,   0% used [0x00000000f8260000, 0x00000000f8260000, 0x00000000f82a0000)
 tenured generation   total 5504K, used 2084K [0x00000000faaa0000, 0x00000000fb000000, 0x0000000100000000)
   the space 5504K,  37% used [0x00000000faaa0000, 0x00000000faca90c0, 0x00000000faca9200, 0x00000000fb000000)
 Metaspace       used 7784K, capacity 8177K, committed 8448K, reserved 1056768K
  class space    used 810K, capacity 991K, committed 1024K, reserved 1048576K
}
Event: 769.247 GC heap before
{Heap before GC invocations=414 (full 0):
 def new generation   total 2432K, used 2177K [0x00000000f8000000, 0x00000000f82a0000, 0x00000000faaa0000)
  eden space 2176K, 100% used [0x00000000f8000000, 0x00000000f8220000, 0x00000000f8220000)
  from space 256K,   0% used [0x00000000f8220000, 0x00000000f82206e8, 0x00000000f8260000)
  to   space 256K,   0% used [0x00000000f8260000, 0x00000000f8260000, 0x00000000f82a0000)
 tenured generation   total 5504K, used 2084K [0x00000000faaa0000, 0x00000000fb000000, 0x0000000100000000)
   the space 5504K,  37% used [0x00000000faaa0000, 0x00000000faca90c0, 0x00000000faca9200, 0x00000000fb000000)
 Metaspace       used 7784K, capacity 8177K, committed 8448K, reserved 1056768K
  class space    used 810K, capacity 991K, committed 1024K, reserved 1048576K
}
Event: 769.248 GC heap after
{Heap after GC invocations=415 (full 0):
 def new generation   total 2432K, used 1K [0x00000000f8000000, 0x00000000f82a0000, 0x00000000faaa0000)
  eden space 2176K,   0% used [0x00000000f8000000, 0x00000000f8000000, 0x00000000f8220000)
  from space 256K,   0% used [0x00000000f8260000, 0x00000000f82606c0, 0x00000000f82a0000)
  to   space 256K,   0% used [0x00000000f8220000, 0x00000000f8220000, 0x00000000f8260000)
 tenured generation   total 5504K, used 2084K [0x00000000faaa0000, 0x00000000fb000000, 0x0000000100000000)
   the space 5504K,  37% used [0x00000000faaa0000, 0x00000000faca90c0, 0x00000000faca9200, 0x00000000fb000000)
 Metaspace       used 7784K, capacity 8177K, committed 8448K, reserved 1056768K
  class space    used 810K, capacity 991K, committed 1024K, reserved 1048576K
}
Event: 771.057 GC heap before
{Heap before GC invocations=415 (full 0):
 def new generation   total 2432K, used 2177K [0x00000000f8000000, 0x00000000f82a0000, 0x00000000faaa0000)
  eden space 2176K, 100% used [0x00000000f8000000, 0x00000000f8220000, 0x00000000f8220000)
  from space 256K,   0% used [0x00000000f8260000, 0x00000000f82606c0, 0x00000000f82a0000)
  to   space 256K,   0% used [0x00000000f8220000, 0x00000000f8220000, 0x00000000f8260000)
 tenured generation   total 5504K, used 2084K [0x00000000faaa0000, 0x00000000fb000000, 0x0000000100000000)
   the space 5504K,  37% used [0x00000000faaa0000, 0x00000000faca90c0, 0x00000000faca9200, 0x00000000fb000000)
 Metaspace       used 7784K, capacity 8177K, committed 8448K, reserved 1056768K
  class space    used 810K, capacity 991K, committed 1024K, reserved 1048576K
}
Event: 771.057 GC heap after
{Heap after GC invocations=416 (full 0):
 def new generation   total 2432K, used 1K [0x00000000f8000000, 0x00000000f82a0000, 0x00000000faaa0000)
  eden space 2176K,   0% used [0x00000000f8000000, 0x00000000f8000000, 0x00000000f8220000)
  from space 256K,   0% used [0x00000000f8220000, 0x00000000f8220688, 0x00000000f8260000)
  to   space 256K,   0% used [0x00000000f8260000, 0x00000000f8260000, 0x00000000f82a0000)
 tenured generation   total 5504K, used 2084K [0x00000000faaa0000, 0x00000000fb000000, 0x0000000100000000)
   the space 5504K,  37% used [0x00000000faaa0000, 0x00000000faca90c0, 0x00000000faca9200, 0x00000000fb000000)
 Metaspace       used 7784K, capacity 8177K, committed 8448K, reserved 1056768K
  class space    used 810K, capacity 991K, committed 1024K, reserved 1048576K
}
Event: 773.014 GC heap before
{Heap before GC invocations=416 (full 0):
 def new generation   total 2432K, used 2177K [0x00000000f8000000, 0x00000000f82a0000, 0x00000000faaa0000)
  eden space 2176K, 100% used [0x00000000f8000000, 0x00000000f8220000, 0x00000000f8220000)
  from space 256K,   0% used [0x00000000f8220000, 0x00000000f8220688, 0x00000000f8260000)
  to   space 256K,   0% used [0x00000000f8260000, 0x00000000f8260000, 0x00000000f82a0000)
 tenured generation   total 5504K, used 2084K [0x00000000faaa0000, 0x00000000fb000000, 0x0000000100000000)
   the space 5504K,  37% used [0x00000000faaa0000, 0x00000000faca90c0, 0x00000000faca9200, 0x00000000fb000000)
 Metaspace       used 7784K, capacity 8177K, committed 8448K, reserved 1056768K
  class space    used 810K, capacity 991K, committed 1024K, reserved 1048576K
}
Event: 773.015 GC heap after
{Heap after GC invocations=417 (full 0):
 def new generation   total 2432K, used 1K [0x00000000f8000000, 0x00000000f82a0000, 0x00000000faaa0000)
  eden space 2176K,   0% used [0x00000000f8000000, 0x00000000f8000000, 0x00000000f8220000)
  from space 256K,   0% used [0x00000000f8260000, 0x00000000f8260760, 0x00000000f82a0000)
  to   space 256K,   0% used [0x00000000f8220000, 0x00000000f8220000, 0x00000000f8260000)
 tenured generation   total 5504K, used 2084K [0x00000000faaa0000, 0x00000000fb000000, 0x0000000100000000)
   the space 5504K,  37% used [0x00000000faaa0000, 0x00000000faca90c0, 0x00000000faca9200, 0x00000000fb000000)
 Metaspace       used 7784K, capacity 8177K, committed 8448K, reserved 1056768K
  class space    used 810K, capacity 991K, committed 1024K, reserved 1048576K
}
Event: 774.823 GC heap before
{Heap before GC invocations=417 (full 0):
 def new generation   total 2432K, used 2177K [0x00000000f8000000, 0x00000000f82a0000, 0x00000000faaa0000)
  eden space 2176K, 100% used [0x00000000f8000000, 0x00000000f8220000, 0x00000000f8220000)
  from space 256K,   0% used [0x00000000f8260000, 0x00000000f8260760, 0x00000000f82a0000)
  to   space 256K,   0% used [0x00000000f8220000, 0x00000000f8220000, 0x00000000f8260000)
 tenured generation   total 5504K, used 2084K [0x00000000faaa0000, 0x00000000fb000000, 0x0000000100000000)
   the space 5504K,  37% used [0x00000000faaa0000, 0x00000000faca90c0, 0x00000000faca9200, 0x00000000fb000000)
 Metaspace       used 7784K, capacity 8177K, committed 8448K, reserved 1056768K
  class space    used 810K, capacity 991K, committed 1024K, reserved 1048576K
}
Event: 774.824 GC heap after
{Heap after GC invocations=418 (full 0):
 def new generation   total 2432K, used 1K [0x00000000f8000000, 0x00000000f82a0000, 0x00000000faaa0000)
  eden space 2176K,   0% used [0x00000000f8000000, 0x00000000f8000000, 0x00000000f8220000)
  from space 256K,   0% used [0x00000000f8220000, 0x00000000f82206e8, 0x00000000f8260000)
  to   space 256K,   0% used [0x00000000f8260000, 0x00000000f8260000, 0x00000000f82a0000)
 tenured generation   total 5504K, used 2084K [0x00000000faaa0000, 0x00000000fb000000, 0x0000000100000000)
   the space 5504K,  37% used [0x00000000faaa0000, 0x00000000faca90c0, 0x00000000faca9200, 0x00000000fb000000)
 Metaspace       used 7784K, capacity 8177K, committed 8448K, reserved 1056768K
  class space    used 810K, capacity 991K, committed 1024K, reserved 1048576K
}
Event: 776.630 GC heap before
{Heap before GC invocations=418 (full 0):
 def new generation   total 2432K, used 2177K [0x00000000f8000000, 0x00000000f82a0000, 0x00000000faaa0000)
  eden space 2176K, 100% used [0x00000000f8000000, 0x00000000f8220000, 0x00000000f8220000)
  from space 256K,   0% used [0x00000000f8220000, 0x00000000f82206e8, 0x00000000f8260000)
  to   space 256K,   0% used [0x00000000f8260000, 0x00000000f8260000, 0x00000000f82a0000)
 tenured generation   total 5504K, used 2084K [0x00000000faaa0000, 0x00000000fb000000, 0x0000000100000000)
   the space 5504K,  37% used [0x00000000faaa0000, 0x00000000faca90c0, 0x00000000faca9200, 0x00000000fb000000)
 Metaspace       used 7784K, capacity 8177K, committed 8448K, reserved 1056768K
  class space    used 810K, capacity 991K, committed 1024K, reserved 1048576K
}
Event: 776.631 GC heap after
{Heap after GC invocations=419 (full 0):
 def new generation   total 2432K, used 1K [0x00000000f8000000, 0x00000000f82a0000, 0x00000000faaa0000)
  eden space 2176K,   0% used [0x00000000f8000000, 0x00000000f8000000, 0x00000000f8220000)
  from space 256K,   0% used [0x00000000f8260000, 0x00000000f82606c0, 0x00000000f82a0000)
  to   space 256K,   0% used [0x00000000f8220000, 0x00000000f8220000, 0x00000000f8260000)
 tenured generation   total 5504K, used 2084K [0x00000000faaa0000, 0x00000000fb000000, 0x0000000100000000)
   the space 5504K,  37% used [0x00000000faaa0000, 0x00000000faca90c0, 0x00000000faca9200, 0x00000000fb000000)
 Metaspace       used 7784K, capacity 8177K, committed 8448K, reserved 1056768K
  class space    used 810K, capacity 991K, committed 1024K, reserved 1048576K
}
Event: 778.440 GC heap before
{Heap before GC invocations=419 (full 0):
 def new generation   total 2432K, used 2177K [0x00000000f8000000, 0x00000000f82a0000, 0x00000000faaa0000)
  eden space 2176K, 100% used [0x00000000f8000000, 0x00000000f8220000, 0x00000000f8220000)
  from space 256K,   0% used [0x00000000f8260000, 0x00000000f82606c0, 0x00000000f82a0000)
  to   space 256K,   0% used [0x00000000f8220000, 0x00000000f8220000, 0x00000000f8260000)
 tenured generation   total 5504K, used 2084K [0x00000000faaa0000, 0x00000000fb000000, 0x0000000100000000)
   the space 5504K,  37% used [0x00000000faaa0000, 0x00000000faca90c0, 0x00000000faca9200, 0x00000000fb000000)
 Metaspace       used 7784K, capacity 8177K, committed 8448K, reserved 1056768K
  class space    used 810K, capacity 991K, committed 1024K, reserved 1048576K
}
Event: 778.441 GC heap after
{Heap after GC invocations=420 (full 0):
 def new generation   total 2432K, used 1K [0x00000000f8000000, 0x00000000f82a0000, 0x00000000faaa0000)
  eden space 2176K,   0% used [0x00000000f8000000, 0x00000000f8000000, 0x00000000f8220000)
  from space 256K,   0% used [0x00000000f8220000, 0x00000000f82206a8, 0x00000000f8260000)
  to   space 256K,   0% used [0x00000000f8260000, 0x00000000f8260000, 0x00000000f82a0000)
 tenured generation   total 5504K, used 2084K [0x00000000faaa0000, 0x00000000fb000000, 0x0000000100000000)
   the space 5504K,  37% used [0x00000000faaa0000, 0x00000000faca90c0, 0x00000000faca9200, 0x00000000fb000000)
 Metaspace       used 7784K, capacity 8177K, committed 8448K, reserved 1056768K
  class space    used 810K, capacity 991K, committed 1024K, reserved 1048576K
}

